# JRE version: OpenJDK Runtime Environment (8.0_112-b06) (build 1.8.0_112-release-b06)
# Java VM: OpenJDK 64-Bit Server VM (25.112-b06 mixed mode windows-amd64 compressed oops)
Heap:
 PSYoungGen      total 813568K, used 813549K [0x000000076ab00000, 0x00000007b3280000, 0x00000007c0000000)
  eden space 587776K, 100% used [0x000000076ab00000,0x000000078e900000,0x000000078e900000)
  from space 225792K, 99% used [0x000000079f480000,0x00000007ad0fb7e8,0x00000007ad100000)
  to   space 273920K, 69% used [0x000000078e900000,0x000000079a429590,0x000000079f480000)
 ParOldGen       total 578048K, used 468371K [0x00000006c0000000, 0x00000006e3480000, 0x000000076ab00000)
  object space 578048K, 81% used [0x00000006c0000000,0x00000006dc964e50,0x00000006e3480000)
 Metaspace       used 6432K, capacity 7280K, committed 7552K, reserved 1056768K
  class space    used 588K, capacity 616K, committed 640K, reserved 1048576K
GC Heap History (10 events):
Event: 19.463 GC heap after
Heap after GC invocations=15 (full 2):
 PSYoungGen      total 614912K, used 136178K [0x000000076ab00000, 0x00000007a2d00000, 0x00000007c0000000)
  eden space 478720K, 0% used [0x000000076ab00000,0x000000076ab00000,0x0000000787e80000)
  from space 136192K, 99% used [0x0000000787e80000,0x000000079037ca10,0x0000000790380000)
  to   space 178176K, 0% used [0x0000000797f00000,0x0000000797f00000,0x00000007a2d00000)
 ParOldGen       total 350720K, used 274588K [0x00000006c0000000, 0x00000006d5680000, 0x000000076ab00000)
  object space 350720K, 78% used [0x00000006c0000000,0x00000006d0c27150,0x00000006d5680000)
 Metaspace       used 6415K, capacity 7280K, committed 7552K, reserved 1056768K
  class space    used 585K, capacity 616K, committed 640K, reserved 1048576K
}
Event: 22.736 GC heap before
{Heap before GC invocations=16 (full 2):
 PSYoungGen      total 614912K, used 614898K [0x000000076ab00000, 0x00000007a2d00000, 0x00000007c0000000)
  eden space 478720K, 100% used [0x000000076ab00000,0x0000000787e80000,0x0000000787e80000)
  from space 136192K, 99% used [0x0000000787e80000,0x000000079037ca10,0x0000000790380000)
  to   space 178176K, 0% used [0x0000000797f00000,0x0000000797f00000,0x00000007a2d00000)
 ParOldGen       total 350720K, used 274588K [0x00000006c0000000, 0x00000006d5680000, 0x000000076ab00000)
  object space 350720K, 78% used [0x00000006c0000000,0x00000006d0c27150,0x00000006d5680000)
 Metaspace       used 6427K, capacity 7280K, committed 7552K, reserved 1056768K
  class space    used 586K, capacity 616K, committed 640K, reserved 1048576K
Event: 23.157 GC heap after
Heap after GC invocations=16 (full 2):
 PSYoungGen      total 724992K, used 137195K [0x000000076ab00000, 0x00000007a4f00000, 0x00000007c0000000)
  eden space 546816K, 0% used [0x000000076ab00000,0x000000076ab00000,0x000000078c100000)
  from space 178176K, 77% used [0x0000000797f00000,0x00000007a04fafb8,0x00000007a2d00000)
  to   space 194560K, 0% used [0x000000078c100000,0x000000078c100000,0x0000000797f00000)
 ParOldGen       total 350720K, used 347485K [0x00000006c0000000, 0x00000006d5680000, 0x000000076ab00000)
  object space 350720K, 99% used [0x00000006c0000000,0x00000006d53574b8,0x00000006d5680000)
 Metaspace       used 6427K, capacity 7280K, committed 7552K, reserved 1056768K
  class space    used 586K, capacity 616K, committed 640K, reserved 1048576K
}
Event: 23.157 GC heap before
{Heap before GC invocations=17 (full 3):
 PSYoungGen      total 724992K, used 137195K [0x000000076ab00000, 0x00000007a4f00000, 0x00000007c0000000)
  eden space 546816K, 0% used [0x000000076ab00000,0x000000076ab00000,0x000000078c100000)
  from space 178176K, 77% used [0x0000000797f00000,0x00000007a04fafb8,0x00000007a2d00000)
  to   space 194560K, 0% used [0x000000078c100000,0x000000078c100000,0x0000000797f00000)
 ParOldGen       total 350720K, used 347485K [0x00000006c0000000, 0x00000006d5680000, 0x000000076ab00000)
  object space 350720K, 99% used [0x00000006c0000000,0x00000006d53574b8,0x00000006d5680000)
 Metaspace       used 6427K, capacity 7280K, committed 7552K, reserved 1056768K
  class space    used 586K, capacity 616K, committed 640K, reserved 1048576K
Event: 27.300 GC heap after
Heap after GC invocations=17 (full 3):
 PSYoungGen      total 724992K, used 124331K [0x000000076ab00000, 0x00000007a4f00000, 0x00000007c0000000)
  eden space 546816K, 0% used [0x000000076ab00000,0x000000076ab00000,0x000000078c100000)
  from space 178176K, 69% used [0x0000000797f00000,0x000000079f86ad70,0x00000007a2d00000)
  to   space 194560K, 0% used [0x000000078c100000,0x000000078c100000,0x0000000797f00000)
 ParOldGen       total 578048K, used 350418K [0x00000006c0000000, 0x00000006e3480000, 0x000000076ab00000)
  object space 578048K, 60% used [0x00000006c0000000,0x00000006d56348c0,0x00000006e3480000)
 Metaspace       used 6427K, capacity 7280K, committed 7552K, reserved 1056768K
  class space    used 586K, capacity 616K, committed 640K, reserved 1048576K
}
Event: 29.992 GC heap before
{Heap before GC invocations=18 (full 3):
 PSYoungGen      total 724992K, used 671147K [0x000000076ab00000, 0x00000007a4f00000, 0x00000007c0000000)
  eden space 546816K, 100% used [0x000000076ab00000,0x000000078c100000,0x000000078c100000)
  from space 178176K, 69% used [0x0000000797f00000,0x000000079f86ad70,0x00000007a2d00000)
  to   space 194560K, 0% used [0x000000078c100000,0x000000078c100000,0x0000000797f00000)
 ParOldGen       total 578048K, used 350418K [0x00000006c0000000, 0x00000006e3480000, 0x000000076ab00000)
  object space 578048K, 60% used [0x00000006c0000000,0x00000006d56348c0,0x00000006e3480000)
 Metaspace       used 6427K, capacity 7280K, committed 7552K, reserved 1056768K
  class space    used 586K, capacity 616K, committed 640K, reserved 1048576K
Event: 30.454 GC heap after
Heap after GC invocations=18 (full 3):
 PSYoungGen      total 741376K, used 187453K [0x000000076ab00000, 0x00000007ad100000, 0x00000007c0000000)
  eden space 546816K, 0% used [0x000000076ab00000,0x000000076ab00000,0x000000078c100000)
  from space 194560K, 96% used [0x000000078c100000,0x000000079780f650,0x0000000797f00000)
  to   space 225792K, 0% used [0x000000079f480000,0x000000079f480000,0x00000007ad100000)
 ParOldGen       total 578048K, used 350418K [0x00000006c0000000, 0x00000006e3480000, 0x000000076ab00000)
  object space 578048K, 60% used [0x00000006c0000000,0x00000006d56348c0,0x00000006e3480000)
 Metaspace       used 6427K, capacity 7280K, committed 7552K, reserved 1056768K
  class space    used 586K, capacity 616K, committed 640K, reserved 1048576K
}
Event: 32.555 GC heap before
{Heap before GC invocations=19 (full 3):
 PSYoungGen      total 741376K, used 734269K [0x000000076ab00000, 0x00000007ad100000, 0x00000007c0000000)
  eden space 546816K, 100% used [0x000000076ab00000,0x000000078c100000,0x000000078c100000)
  from space 194560K, 96% used [0x000000078c100000,0x000000079780f650,0x0000000797f00000)
  to   space 225792K, 0% used [0x000000079f480000,0x000000079f480000,0x00000007ad100000)
 ParOldGen       total 578048K, used 350418K [0x00000006c0000000, 0x00000006e3480000, 0x000000076ab00000)
  object space 578048K, 60% used [0x00000006c0000000,0x00000006d56348c0,0x00000006e3480000)
 Metaspace       used 6427K, capacity 7280K, committed 7552K, reserved 1056768K
  class space    used 586K, capacity 616K, committed 640K, reserved 1048576K
Event: 32.830 GC heap after
Heap after GC invocations=19 (full 3):
 PSYoungGen      total 813568K, used 225773K [0x000000076ab00000, 0x00000007b3280000, 0x00000007c0000000)
  eden space 587776K, 0% used [0x000000076ab00000,0x000000076ab00000,0x000000078e900000)
  from space 225792K, 99% used [0x000000079f480000,0x00000007ad0fb7e8,0x00000007ad100000)
  to   space 273920K, 0% used [0x000000078e900000,0x000000078e900000,0x000000079f480000)
 ParOldGen       total 578048K, used 375752K [0x00000006c0000000, 0x00000006e3480000, 0x000000076ab00000)
  object space 578048K, 65% used [0x00000006c0000000,0x00000006d6ef2088,0x00000006e3480000)
 Metaspace       used 6427K, capacity 7280K, committed 7552K, reserved 1056768K
  class space    used 586K, capacity 616K, committed 640K, reserved 1048576K
}
Event: 34.640 GC heap before
{Heap before GC invocations=20 (full 3):
 PSYoungGen      total 813568K, used 813549K [0x000000076ab00000, 0x00000007b3280000, 0x00000007c0000000)
  eden space 587776K, 100% used [0x000000076ab00000,0x000000078e900000,0x000000078e900000)
  from space 225792K, 99% used [0x000000079f480000,0x00000007ad0fb7e8,0x00000007ad100000)
  to   space 273920K, 0% used [0x000000078e900000,0x000000078e900000,0x000000079f480000)
 ParOldGen       total 578048K, used 375752K [0x00000006c0000000, 0x00000006e3480000, 0x000000076ab00000)
  object space 578048K, 65% used [0x00000006c0000000,0x00000006d6ef2088,0x00000006e3480000)
 Metaspace       used 6432K, capacity 7280K, committed 7552K, reserved 1056768K
  class space    used 588K, capacity 616K, committed 640K, reserved 1048576K

