# JRE version: OpenJDK Runtime Environment (8.0_112-b06) (build 1.8.0_112-release-b06)
# Java VM: OpenJDK 64-Bit Server VM (25.112-b06 mixed mode windows-amd64 compressed oops)
Heap:
 PSYoungGen      total 916480K, used 784634K [0x000000076ab00000, 0x00000007b4a80000, 0x00000007c0000000)
  eden space 677376K, 100% used [0x000000076ab00000,0x0000000794080000,0x0000000794080000)
  from space 239104K, 44% used [0x0000000794080000,0x000000079a93e840,0x00000007a2a00000)
  to   space 230400K, 72% used [0x00000007a6980000,0x00000007b0bfad78,0x00000007b4a80000)
 ParOldGen       total 821248K, used 539405K [0x00000006c0000000, 0x00000006f2200000, 0x000000076ab00000)
  object space 821248K, 65% used [0x00000006c0000000,0x00000006e0ec34f0,0x00000006f2200000)
 Metaspace       used 6438K, capacity 7280K, committed 7552K, reserved 1056768K
  class space    used 588K, capacity 616K, committed 640K, reserved 1048576K
GC Heap History (10 events):
Event: 23.913 GC heap after
Heap after GC invocations=17 (full 3):
 PSYoungGen      total 755200K, used 154958K [0x000000076ab00000, 0x00000007a7580000, 0x00000007c0000000)
  eden space 570368K, 0% used [0x000000076ab00000,0x000000076ab00000,0x000000078d800000)
  from space 184832K, 83% used [0x000000079a180000,0x00000007a38d3800,0x00000007a5600000)
  to   space 206336K, 0% used [0x000000078d800000,0x000000078d800000,0x000000079a180000)
 ParOldGen       total 561152K, used 379478K [0x00000006c0000000, 0x00000006e2400000, 0x000000076ab00000)
  object space 561152K, 67% used [0x00000006c0000000,0x00000006d7295b78,0x00000006e2400000)
 Metaspace       used 6429K, capacity 7280K, committed 7552K, reserved 1056768K
  class space    used 587K, capacity 616K, committed 640K, reserved 1048576K
}
Event: 25.862 GC heap before
{Heap before GC invocations=18 (full 3):
 PSYoungGen      total 755200K, used 725326K [0x000000076ab00000, 0x00000007a7580000, 0x00000007c0000000)
  eden space 570368K, 100% used [0x000000076ab00000,0x000000078d800000,0x000000078d800000)
  from space 184832K, 83% used [0x000000079a180000,0x00000007a38d3800,0x00000007a5600000)
  to   space 206336K, 0% used [0x000000078d800000,0x000000078d800000,0x000000079a180000)
 ParOldGen       total 561152K, used 379478K [0x00000006c0000000, 0x00000006e2400000, 0x000000076ab00000)
  object space 561152K, 67% used [0x00000006c0000000,0x00000006d7295b78,0x00000006e2400000)
 Metaspace       used 6429K, capacity 7280K, committed 7552K, reserved 1056768K
  class space    used 587K, capacity 616K, committed 640K, reserved 1048576K
Event: 26.070 GC heap after
Heap after GC invocations=18 (full 3):
 PSYoungGen      total 776704K, used 206334K [0x000000076ab00000, 0x00000007b1b00000, 0x00000007c0000000)
  eden space 570368K, 0% used [0x000000076ab00000,0x000000076ab00000,0x000000078d800000)
  from space 206336K, 99% used [0x000000078d800000,0x000000079a17f880,0x000000079a180000)
  to   space 246784K, 0% used [0x00000007a2a00000,0x00000007a2a00000,0x00000007b1b00000)
 ParOldGen       total 561152K, used 391125K [0x00000006c0000000, 0x00000006e2400000, 0x000000076ab00000)
  object space 561152K, 69% used [0x00000006c0000000,0x00000006d7df54e8,0x00000006e2400000)
 Metaspace       used 6429K, capacity 7280K, committed 7552K, reserved 1056768K
  class space    used 587K, capacity 616K, committed 640K, reserved 1048576K
}
Event: 27.700 GC heap before
{Heap before GC invocations=19 (full 3):
 PSYoungGen      total 776704K, used 776702K [0x000000076ab00000, 0x00000007b1b00000, 0x00000007c0000000)
  eden space 570368K, 100% used [0x000000076ab00000,0x000000078d800000,0x000000078d800000)
  from space 206336K, 99% used [0x000000078d800000,0x000000079a17f880,0x000000079a180000)
  to   space 246784K, 0% used [0x00000007a2a00000,0x00000007a2a00000,0x00000007b1b00000)
 ParOldGen       total 561152K, used 391125K [0x00000006c0000000, 0x00000006e2400000, 0x000000076ab00000)
  object space 561152K, 69% used [0x00000006c0000000,0x00000006d7df54e8,0x00000006e2400000)
 Metaspace       used 6431K, capacity 7280K, committed 7552K, reserved 1056768K
  class space    used 587K, capacity 616K, committed 640K, reserved 1048576K
Event: 27.957 GC heap after
Heap after GC invocations=19 (full 3):
 PSYoungGen      total 916992K, used 109759K [0x000000076ab00000, 0x00000007b1400000, 0x00000007c0000000)
  eden space 677376K, 0% used [0x000000076ab00000,0x000000076ab00000,0x0000000794080000)
  from space 239616K, 45% used [0x00000007a2a00000,0x00000007a952fff8,0x00000007b1400000)
  to   space 239104K, 0% used [0x0000000794080000,0x0000000794080000,0x00000007a2a00000)
 ParOldGen       total 561152K, used 483857K [0x00000006c0000000, 0x00000006e2400000, 0x000000076ab00000)
  object space 561152K, 86% used [0x00000006c0000000,0x00000006dd8844e8,0x00000006e2400000)
 Metaspace       used 6431K, capacity 7280K, committed 7552K, reserved 1056768K
  class space    used 587K, capacity 616K, committed 640K, reserved 1048576K
}
Event: 27.957 GC heap before
{Heap before GC invocations=20 (full 4):
 PSYoungGen      total 916992K, used 109759K [0x000000076ab00000, 0x00000007b1400000, 0x00000007c0000000)
  eden space 677376K, 0% used [0x000000076ab00000,0x000000076ab00000,0x0000000794080000)
  from space 239616K, 45% used [0x00000007a2a00000,0x00000007a952fff8,0x00000007b1400000)
  to   space 239104K, 0% used [0x0000000794080000,0x0000000794080000,0x00000007a2a00000)
 ParOldGen       total 561152K, used 483857K [0x00000006c0000000, 0x00000006e2400000, 0x000000076ab00000)
  object space 561152K, 86% used [0x00000006c0000000,0x00000006dd8844e8,0x00000006e2400000)
 Metaspace       used 6431K, capacity 7280K, committed 7552K, reserved 1056768K
  class space    used 587K, capacity 616K, committed 640K, reserved 1048576K
Event: 30.603 GC heap after
Heap after GC invocations=20 (full 4):
 PSYoungGen      total 916992K, used 0K [0x000000076ab00000, 0x00000007b1400000, 0x00000007c0000000)
  eden space 677376K, 0% used [0x000000076ab00000,0x000000076ab00000,0x0000000794080000)
  from space 239616K, 0% used [0x00000007a2a00000,0x00000007a2a00000,0x00000007b1400000)
  to   space 239104K, 0% used [0x0000000794080000,0x0000000794080000,0x00000007a2a00000)
 ParOldGen       total 821248K, used 539405K [0x00000006c0000000, 0x00000006f2200000, 0x000000076ab00000)
  object space 821248K, 65% used [0x00000006c0000000,0x00000006e0ec34f0,0x00000006f2200000)
 Metaspace       used 6431K, capacity 7280K, committed 7552K, reserved 1056768K
  class space    used 587K, capacity 616K, committed 640K, reserved 1048576K
}
Event: 32.434 GC heap before
{Heap before GC invocations=21 (full 4):
 PSYoungGen      total 916992K, used 677376K [0x000000076ab00000, 0x00000007b1400000, 0x00000007c0000000)
  eden space 677376K, 100% used [0x000000076ab00000,0x0000000794080000,0x0000000794080000)
  from space 239616K, 0% used [0x00000007a2a00000,0x00000007a2a00000,0x00000007b1400000)
  to   space 239104K, 0% used [0x0000000794080000,0x0000000794080000,0x00000007a2a00000)
 ParOldGen       total 821248K, used 539405K [0x00000006c0000000, 0x00000006f2200000, 0x000000076ab00000)
  object space 821248K, 65% used [0x00000006c0000000,0x00000006e0ec34f0,0x00000006f2200000)
 Metaspace       used 6433K, capacity 7280K, committed 7552K, reserved 1056768K
  class space    used 588K, capacity 616K, committed 640K, reserved 1048576K
Event: 32.631 GC heap after
Heap after GC invocations=21 (full 4):
 PSYoungGen      total 916480K, used 107258K [0x000000076ab00000, 0x00000007b4a80000, 0x00000007c0000000)
  eden space 677376K, 0% used [0x000000076ab00000,0x000000076ab00000,0x0000000794080000)
  from space 239104K, 44% used [0x0000000794080000,0x000000079a93e840,0x00000007a2a00000)
  to   space 230400K, 0% used [0x00000007a6980000,0x00000007a6980000,0x00000007b4a80000)
 ParOldGen       total 821248K, used 539405K [0x00000006c0000000, 0x00000006f2200000, 0x000000076ab00000)
  object space 821248K, 65% used [0x00000006c0000000,0x00000006e0ec34f0,0x00000006f2200000)
 Metaspace       used 6433K, capacity 7280K, committed 7552K, reserved 1056768K
  class space    used 588K, capacity 616K, committed 640K, reserved 1048576K
}
Event: 34.609 GC heap before
{Heap before GC invocations=22 (full 4):
 PSYoungGen      total 916480K, used 784634K [0x000000076ab00000, 0x00000007b4a80000, 0x00000007c0000000)
  eden space 677376K, 100% used [0x000000076ab00000,0x0000000794080000,0x0000000794080000)
  from space 239104K, 44% used [0x0000000794080000,0x000000079a93e840,0x00000007a2a00000)
  to   space 230400K, 0% used [0x00000007a6980000,0x00000007a6980000,0x00000007b4a80000)
 ParOldGen       total 821248K, used 539405K [0x00000006c0000000, 0x00000006f2200000, 0x000000076ab00000)
  object space 821248K, 65% used [0x00000006c0000000,0x00000006e0ec34f0,0x00000006f2200000)
 Metaspace       used 6438K, capacity 7280K, committed 7552K, reserved 1056768K
  class space    used 588K, capacity 616K, committed 640K, reserved 1048576K

