# JRE version: OpenJDK Runtime Environment (8.0_112-b06) (build 1.8.0_112-release-b06)
# Java VM: OpenJDK 64-Bit Server VM (25.112-b06 mixed mode windows-amd64 compressed oops)
Heap:
 PSYoungGen      total 806400K, used 613055K [0x000000076ab00000, 0x00000007b3d80000, 0x00000007c0000000)
  eden space 553984K, 100% used [0x000000076ab00000,0x000000078c800000,0x000000078c800000)
  from space 252416K, 23% used [0x000000078c800000,0x00000007901afc30,0x000000079be80000)
  to   space 267776K, 46% used [0x00000007a3800000,0x00000007ab0a7330,0x00000007b3d80000)
 ParOldGen       total 838656K, used 548960K [0x00000006c0000000, 0x00000006f3300000, 0x000000076ab00000)
  object space 838656K, 65% used [0x00000006c0000000,0x00000006e18180b8,0x00000006f3300000)
 Metaspace       used 6431K, capacity 7280K, committed 7552K, reserved 1056768K
  class space    used 587K, capacity 616K, committed 640K, reserved 1048576K
GC Heap History (10 events):
Event: 19.632 GC heap after
Heap after GC invocations=15 (full 2):
 PSYoungGen      total 650752K, used 145386K [0x000000076ab00000, 0x00000007a7780000, 0x00000007c0000000)
  eden space 505344K, 0% used [0x000000076ab00000,0x000000076ab00000,0x0000000789880000)
  from space 145408K, 99% used [0x0000000789880000,0x000000079267a870,0x0000000792680000)
  to   space 189440K, 0% used [0x000000079be80000,0x000000079be80000,0x00000007a7780000)
 ParOldGen       total 350720K, used 285214K [0x00000006c0000000, 0x00000006d5680000, 0x000000076ab00000)
  object space 350720K, 81% used [0x00000006c0000000,0x00000006d1687b00,0x00000006d5680000)
 Metaspace       used 6428K, capacity 7280K, committed 7552K, reserved 1056768K
  class space    used 586K, capacity 616K, committed 640K, reserved 1048576K
}
Event: 19.632 GC heap before
{Heap before GC invocations=16 (full 3):
 PSYoungGen      total 650752K, used 145386K [0x000000076ab00000, 0x00000007a7780000, 0x00000007c0000000)
  eden space 505344K, 0% used [0x000000076ab00000,0x000000076ab00000,0x0000000789880000)
  from space 145408K, 99% used [0x0000000789880000,0x000000079267a870,0x0000000792680000)
  to   space 189440K, 0% used [0x000000079be80000,0x000000079be80000,0x00000007a7780000)
 ParOldGen       total 350720K, used 285214K [0x00000006c0000000, 0x00000006d5680000, 0x000000076ab00000)
  object space 350720K, 81% used [0x00000006c0000000,0x00000006d1687b00,0x00000006d5680000)
 Metaspace       used 6428K, capacity 7280K, committed 7552K, reserved 1056768K
  class space    used 586K, capacity 616K, committed 640K, reserved 1048576K
Event: 22.322 GC heap after
Heap after GC invocations=16 (full 3):
 PSYoungGen      total 650752K, used 70877K [0x000000076ab00000, 0x00000007a7780000, 0x00000007c0000000)
  eden space 505344K, 0% used [0x000000076ab00000,0x000000076ab00000,0x0000000789880000)
  from space 145408K, 48% used [0x0000000789880000,0x000000078ddb7418,0x0000000792680000)
  to   space 189440K, 0% used [0x000000079be80000,0x000000079be80000,0x00000007a7780000)
 ParOldGen       total 549376K, used 350339K [0x00000006c0000000, 0x00000006e1880000, 0x000000076ab00000)
  object space 549376K, 63% used [0x00000006c0000000,0x00000006d5620e98,0x00000006e1880000)
 Metaspace       used 6428K, capacity 7280K, committed 7552K, reserved 1056768K
  class space    used 586K, capacity 616K, committed 640K, reserved 1048576K
}
Event: 25.091 GC heap before
{Heap before GC invocations=17 (full 3):
 PSYoungGen      total 650752K, used 576221K [0x000000076ab00000, 0x00000007a7780000, 0x00000007c0000000)
  eden space 505344K, 100% used [0x000000076ab00000,0x0000000789880000,0x0000000789880000)
  from space 145408K, 48% used [0x0000000789880000,0x000000078ddb7418,0x0000000792680000)
  to   space 189440K, 0% used [0x000000079be80000,0x000000079be80000,0x00000007a7780000)
 ParOldGen       total 549376K, used 350339K [0x00000006c0000000, 0x00000006e1880000, 0x000000076ab00000)
  object space 549376K, 63% used [0x00000006c0000000,0x00000006d5620e98,0x00000006e1880000)
 Metaspace       used 6429K, capacity 7280K, committed 7552K, reserved 1056768K
  class space    used 586K, capacity 616K, committed 640K, reserved 1048576K
Event: 25.456 GC heap after
Heap after GC invocations=17 (full 3):
 PSYoungGen      total 743424K, used 189429K [0x000000076ab00000, 0x00000007ae200000, 0x00000007c0000000)
  eden space 553984K, 0% used [0x000000076ab00000,0x000000076ab00000,0x000000078c800000)
  from space 189440K, 99% used [0x000000079be80000,0x00000007a777d680,0x00000007a7780000)
  to   space 252416K, 0% used [0x000000078c800000,0x000000078c800000,0x000000079be80000)
 ParOldGen       total 549376K, used 431070K [0x00000006c0000000, 0x00000006e1880000, 0x000000076ab00000)
  object space 549376K, 78% used [0x00000006c0000000,0x00000006da4f7970,0x00000006e1880000)
 Metaspace       used 6429K, capacity 7280K, committed 7552K, reserved 1056768K
  class space    used 586K, capacity 616K, committed 640K, reserved 1048576K
}
Event: 27.482 GC heap before
{Heap before GC invocations=18 (full 3):
 PSYoungGen      total 743424K, used 743413K [0x000000076ab00000, 0x00000007ae200000, 0x00000007c0000000)
  eden space 553984K, 100% used [0x000000076ab00000,0x000000078c800000,0x000000078c800000)
  from space 189440K, 99% used [0x000000079be80000,0x00000007a777d680,0x00000007a7780000)
  to   space 252416K, 0% used [0x000000078c800000,0x000000078c800000,0x000000079be80000)
 ParOldGen       total 549376K, used 431070K [0x00000006c0000000, 0x00000006e1880000, 0x000000076ab00000)
  object space 549376K, 78% used [0x00000006c0000000,0x00000006da4f7970,0x00000006e1880000)
 Metaspace       used 6430K, capacity 7280K, committed 7552K, reserved 1056768K
  class space    used 587K, capacity 616K, committed 640K, reserved 1048576K
Event: 27.798 GC heap after
Heap after GC invocations=18 (full 3):
 PSYoungGen      total 806400K, used 171715K [0x000000076ab00000, 0x00000007b3d80000, 0x00000007c0000000)
  eden space 553984K, 0% used [0x000000076ab00000,0x000000076ab00000,0x000000078c800000)
  from space 252416K, 68% used [0x000000078c800000,0x0000000796fb0c00,0x000000079be80000)
  to   space 267776K, 0% used [0x00000007a3800000,0x00000007a3800000,0x00000007b3d80000)
 ParOldGen       total 549376K, used 521735K [0x00000006c0000000, 0x00000006e1880000, 0x000000076ab00000)
  object space 549376K, 94% used [0x00000006c0000000,0x00000006dfd81fc8,0x00000006e1880000)
 Metaspace       used 6430K, capacity 7280K, committed 7552K, reserved 1056768K
  class space    used 587K, capacity 616K, committed 640K, reserved 1048576K
}
Event: 27.798 GC heap before
{Heap before GC invocations=19 (full 4):
 PSYoungGen      total 806400K, used 171715K [0x000000076ab00000, 0x00000007b3d80000, 0x00000007c0000000)
  eden space 553984K, 0% used [0x000000076ab00000,0x000000076ab00000,0x000000078c800000)
  from space 252416K, 68% used [0x000000078c800000,0x0000000796fb0c00,0x000000079be80000)
  to   space 267776K, 0% used [0x00000007a3800000,0x00000007a3800000,0x00000007b3d80000)
 ParOldGen       total 549376K, used 521735K [0x00000006c0000000, 0x00000006e1880000, 0x000000076ab00000)
  object space 549376K, 94% used [0x00000006c0000000,0x00000006dfd81fc8,0x00000006e1880000)
 Metaspace       used 6430K, capacity 7280K, committed 7552K, reserved 1056768K
  class space    used 587K, capacity 616K, committed 640K, reserved 1048576K
Event: 31.599 GC heap after
Heap after GC invocations=19 (full 4):
 PSYoungGen      total 806400K, used 59071K [0x000000076ab00000, 0x00000007b3d80000, 0x00000007c0000000)
  eden space 553984K, 0% used [0x000000076ab00000,0x000000076ab00000,0x000000078c800000)
  from space 252416K, 23% used [0x000000078c800000,0x00000007901afc30,0x000000079be80000)
  to   space 267776K, 0% used [0x00000007a3800000,0x00000007a3800000,0x00000007b3d80000)
 ParOldGen       total 838656K, used 548960K [0x00000006c0000000, 0x00000006f3300000, 0x000000076ab00000)
  object space 838656K, 65% used [0x00000006c0000000,0x00000006e18180b8,0x00000006f3300000)
 Metaspace       used 6430K, capacity 7280K, committed 7552K, reserved 1056768K
  class space    used 587K, capacity 616K, committed 640K, reserved 1048576K
}
Event: 33.625 GC heap before
{Heap before GC invocations=20 (full 4):
 PSYoungGen      total 806400K, used 613055K [0x000000076ab00000, 0x00000007b3d80000, 0x00000007c0000000)
  eden space 553984K, 100% used [0x000000076ab00000,0x000000078c800000,0x000000078c800000)
  from space 252416K, 23% used [0x000000078c800000,0x00000007901afc30,0x000000079be80000)
  to   space 267776K, 0% used [0x00000007a3800000,0x00000007a3800000,0x00000007b3d80000)
 ParOldGen       total 838656K, used 548960K [0x00000006c0000000, 0x00000006f3300000, 0x000000076ab00000)
  object space 838656K, 65% used [0x00000006c0000000,0x00000006e18180b8,0x00000006f3300000)
 Metaspace       used 6431K, capacity 7280K, committed 7552K, reserved 1056768K
  class space    used 587K, capacity 616K, committed 640K, reserved 1048576K

