# JRE version: OpenJDK Runtime Environment (8.0_112-b06) (build 1.8.0_112-release-b06)
# Java VM: OpenJDK 64-Bit Server VM (25.112-b06 mixed mode windows-amd64 compressed oops)
Heap:
 PSYoungGen      total 289280K, used 261120K [0x000000076ab00000, 0x0000000790c00000, 0x00000007c0000000)
  eden space 261120K, 100% used [0x000000076ab00000,0x000000077aa00000,0x000000077aa00000)
  from space 28160K, 0% used [0x000000077aa00000,0x000000077aa00000,0x000000077c580000)
  to   space 50688K, 31% used [0x000000078da80000,0x000000078e9e1710,0x0000000790c00000)
 ParOldGen       total 169984K, used 84442K [0x00000006c0000000, 0x00000006ca600000, 0x000000076ab00000)
  object space 169984K, 49% used [0x00000006c0000000,0x00000006c52768e0,0x00000006ca600000)
 Metaspace       used 6378K, capacity 7280K, committed 7552K, reserved 1056768K
  class space    used 585K, capacity 616K, committed 640K, reserved 1048576K
GC Heap History (10 events):
Event: 1.389 GC heap after
Heap after GC invocations=4 (full 0):
 PSYoungGen      total 138240K, used 5096K [0x000000076ab00000, 0x0000000773700000, 0x00000007c0000000)
  eden space 133120K, 0% used [0x000000076ab00000,0x000000076ab00000,0x0000000772d00000)
  from space 5120K, 99% used [0x0000000773200000,0x00000007736fa090,0x0000000773700000)
  to   space 5120K, 0% used [0x0000000772d00000,0x0000000772d00000,0x0000000773200000)
 ParOldGen       total 87552K, used 6592K [0x00000006c0000000, 0x00000006c5580000, 0x000000076ab00000)
  object space 87552K, 7% used [0x00000006c0000000,0x00000006c0670240,0x00000006c5580000)
 Metaspace       used 5999K, capacity 7088K, committed 7296K, reserved 1056768K
  class space    used 564K, capacity 616K, committed 640K, reserved 1048576K
}
Event: 2.340 GC heap before
{Heap before GC invocations=5 (full 0):
 PSYoungGen      total 138240K, used 138216K [0x000000076ab00000, 0x0000000773700000, 0x00000007c0000000)
  eden space 133120K, 100% used [0x000000076ab00000,0x0000000772d00000,0x0000000772d00000)
  from space 5120K, 99% used [0x0000000773200000,0x00000007736fa090,0x0000000773700000)
  to   space 5120K, 0% used [0x0000000772d00000,0x0000000772d00000,0x0000000773200000)
 ParOldGen       total 87552K, used 6592K [0x00000006c0000000, 0x00000006c5580000, 0x000000076ab00000)
  object space 87552K, 7% used [0x00000006c0000000,0x00000006c0670240,0x00000006c5580000)
 Metaspace       used 6261K, capacity 7216K, committed 7296K, reserved 1056768K
  class space    used 584K, capacity 616K, committed 640K, reserved 1048576K
Event: 2.385 GC heap after
Heap after GC invocations=5 (full 0):
 PSYoungGen      total 138240K, used 5100K [0x000000076ab00000, 0x000000077dc00000, 0x00000007c0000000)
  eden space 133120K, 0% used [0x000000076ab00000,0x000000076ab00000,0x0000000772d00000)
  from space 5120K, 99% used [0x0000000772d00000,0x00000007731fb3c8,0x0000000773200000)
  to   space 23040K, 0% used [0x000000077c580000,0x000000077c580000,0x000000077dc00000)
 ParOldGen       total 87552K, used 26402K [0x00000006c0000000, 0x00000006c5580000, 0x000000076ab00000)
  object space 87552K, 30% used [0x00000006c0000000,0x00000006c19c8a48,0x00000006c5580000)
 Metaspace       used 6261K, capacity 7216K, committed 7296K, reserved 1056768K
  class space    used 584K, capacity 616K, committed 640K, reserved 1048576K
}
Event: 3.099 GC heap before
{Heap before GC invocations=6 (full 0):
 PSYoungGen      total 138240K, used 138220K [0x000000076ab00000, 0x000000077dc00000, 0x00000007c0000000)
  eden space 133120K, 100% used [0x000000076ab00000,0x0000000772d00000,0x0000000772d00000)
  from space 5120K, 99% used [0x0000000772d00000,0x00000007731fb3c8,0x0000000773200000)
  to   space 23040K, 0% used [0x000000077c580000,0x000000077c580000,0x000000077dc00000)
 ParOldGen       total 87552K, used 26402K [0x00000006c0000000, 0x00000006c5580000, 0x000000076ab00000)
  object space 87552K, 30% used [0x00000006c0000000,0x00000006c19c8a48,0x00000006c5580000)
 Metaspace       used 6300K, capacity 7216K, committed 7296K, reserved 1056768K
  class space    used 584K, capacity 616K, committed 640K, reserved 1048576K
Event: 3.187 GC heap after
Heap after GC invocations=6 (full 0):
 PSYoungGen      total 284160K, used 22237K [0x000000076ab00000, 0x000000077e600000, 0x00000007c0000000)
  eden space 261120K, 0% used [0x000000076ab00000,0x000000076ab00000,0x000000077aa00000)
  from space 23040K, 96% used [0x000000077c580000,0x000000077db37740,0x000000077dc00000)
  to   space 28160K, 0% used [0x000000077aa00000,0x000000077aa00000,0x000000077c580000)
 ParOldGen       total 87552K, used 26402K [0x00000006c0000000, 0x00000006c5580000, 0x000000076ab00000)
  object space 87552K, 30% used [0x00000006c0000000,0x00000006c19c8a48,0x00000006c5580000)
 Metaspace       used 6300K, capacity 7216K, committed 7296K, reserved 1056768K
  class space    used 584K, capacity 616K, committed 640K, reserved 1048576K
}
Event: 4.546 GC heap before
{Heap before GC invocations=7 (full 0):
 PSYoungGen      total 284160K, used 283357K [0x000000076ab00000, 0x000000077e600000, 0x00000007c0000000)
  eden space 261120K, 100% used [0x000000076ab00000,0x000000077aa00000,0x000000077aa00000)
  from space 23040K, 96% used [0x000000077c580000,0x000000077db37740,0x000000077dc00000)
  to   space 28160K, 0% used [0x000000077aa00000,0x000000077aa00000,0x000000077c580000)
 ParOldGen       total 87552K, used 26402K [0x00000006c0000000, 0x00000006c5580000, 0x000000076ab00000)
  object space 87552K, 30% used [0x00000006c0000000,0x00000006c19c8a48,0x00000006c5580000)
 Metaspace       used 6365K, capacity 7280K, committed 7552K, reserved 1056768K
  class space    used 584K, capacity 616K, committed 640K, reserved 1048576K
Event: 4.649 GC heap after
Heap after GC invocations=7 (full 0):
 PSYoungGen      total 289280K, used 28157K [0x000000076ab00000, 0x0000000790c00000, 0x00000007c0000000)
  eden space 261120K, 0% used [0x000000076ab00000,0x000000076ab00000,0x000000077aa00000)
  from space 28160K, 99% used [0x000000077aa00000,0x000000077c57f5a0,0x000000077c580000)
  to   space 50688K, 0% used [0x000000078da80000,0x000000078da80000,0x0000000790c00000)
 ParOldGen       total 87552K, used 59725K [0x00000006c0000000, 0x00000006c5580000, 0x000000076ab00000)
  object space 87552K, 68% used [0x00000006c0000000,0x00000006c3a53720,0x00000006c5580000)
 Metaspace       used 6365K, capacity 7280K, committed 7552K, reserved 1056768K
  class space    used 584K, capacity 616K, committed 640K, reserved 1048576K
}
Event: 4.649 GC heap before
{Heap before GC invocations=8 (full 1):
 PSYoungGen      total 289280K, used 28157K [0x000000076ab00000, 0x0000000790c00000, 0x00000007c0000000)
  eden space 261120K, 0% used [0x000000076ab00000,0x000000076ab00000,0x000000077aa00000)
  from space 28160K, 99% used [0x000000077aa00000,0x000000077c57f5a0,0x000000077c580000)
  to   space 50688K, 0% used [0x000000078da80000,0x000000078da80000,0x0000000790c00000)
 ParOldGen       total 87552K, used 59725K [0x00000006c0000000, 0x00000006c5580000, 0x000000076ab00000)
  object space 87552K, 68% used [0x00000006c0000000,0x00000006c3a53720,0x00000006c5580000)
 Metaspace       used 6365K, capacity 7280K, committed 7552K, reserved 1056768K
  class space    used 584K, capacity 616K, committed 640K, reserved 1048576K
Event: 5.358 GC heap after
Heap after GC invocations=8 (full 1):
 PSYoungGen      total 289280K, used 0K [0x000000076ab00000, 0x0000000790c00000, 0x00000007c0000000)
  eden space 261120K, 0% used [0x000000076ab00000,0x000000076ab00000,0x000000077aa00000)
  from space 28160K, 0% used [0x000000077aa00000,0x000000077aa00000,0x000000077c580000)
  to   space 50688K, 0% used [0x000000078da80000,0x000000078da80000,0x0000000790c00000)
 ParOldGen       total 169984K, used 84442K [0x00000006c0000000, 0x00000006ca600000, 0x000000076ab00000)
  object space 169984K, 49% used [0x00000006c0000000,0x00000006c52768e0,0x00000006ca600000)
 Metaspace       used 6365K, capacity 7280K, committed 7552K, reserved 1056768K
  class space    used 584K, capacity 616K, committed 640K, reserved 1048576K
}
Event: 6.596 GC heap before
{Heap before GC invocations=9 (full 1):
 PSYoungGen      total 289280K, used 261120K [0x000000076ab00000, 0x0000000790c00000, 0x00000007c0000000)
  eden space 261120K, 100% used [0x000000076ab00000,0x000000077aa00000,0x000000077aa00000)
  from space 28160K, 0% used [0x000000077aa00000,0x000000077aa00000,0x000000077c580000)
  to   space 50688K, 0% used [0x000000078da80000,0x000000078da80000,0x0000000790c00000)
 ParOldGen       total 169984K, used 84442K [0x00000006c0000000, 0x00000006ca600000, 0x000000076ab00000)
  object space 169984K, 49% used [0x00000006c0000000,0x00000006c52768e0,0x00000006ca600000)
 Metaspace       used 6378K, capacity 7280K, committed 7552K, reserved 1056768K
  class space    used 585K, capacity 616K, committed 640K, reserved 1048576K

