# JRE version: OpenJDK Runtime Environment (8.0_112-b06) (build 1.8.0_112-release-b06)
# Java VM: OpenJDK 64-Bit Server VM (25.112-b06 mixed mode windows-amd64 compressed oops)
Heap:
 PSYoungGen      total 984576K, used 492173K [0x000000076ab00000, 0x00000007c0000000, 0x00000007c0000000)
  eden space 718848K, 31% used [0x000000076ab00000,0x0000000778825818,0x0000000796900000)
  from space 265728K, 99% used [0x0000000796900000,0x00000007a6c7dd60,0x00000007a6c80000)
  to   space 325632K, 0% used [0x00000007ac200000,0x00000007ac200000,0x00000007c0000000)
 ParOldGen       total 816640K, used 693621K [0x00000006c0000000, 0x00000006f1d80000, 0x000000076ab00000)
  object space 816640K, 84% used [0x00000006c0000000,0x00000006ea55d770,0x00000006f1d80000)
 Metaspace       used 7182K, capacity 7800K, committed 7936K, reserved 1056768K
  class space    used 641K, capacity 688K, committed 768K, reserved 1048576K
GC Heap History (10 events):
Event: 27.868 GC heap before
{Heap before GC invocations=17 (full 3):
 PSYoungGen      total 788992K, used 785037K [0x000000076ab00000, 0x00000007ae900000, 0x00000007c0000000)
  eden space 615936K, 100% used [0x000000076ab00000,0x0000000790480000,0x0000000790480000)
  from space 173056K, 97% used [0x0000000790480000,0x000000079a9a3618,0x000000079ad80000)
  to   space 202240K, 0% used [0x00000007a2380000,0x00000007a2380000,0x00000007ae900000)
 ParOldGen       total 520192K, used 417441K [0x00000006c0000000, 0x00000006dfc00000, 0x000000076ab00000)
  object space 520192K, 80% used [0x00000006c0000000,0x00000006d97a8788,0x00000006dfc00000)
 Metaspace       used 6421K, capacity 7280K, committed 7552K, reserved 1056768K
  class space    used 587K, capacity 616K, committed 640K, reserved 1048576K
Event: 28.155 GC heap after
Heap after GC invocations=17 (full 3):
 PSYoungGen      total 857088K, used 202227K [0x000000076ab00000, 0x00000007b5500000, 0x00000007c0000000)
  eden space 654848K, 0% used [0x000000076ab00000,0x000000076ab00000,0x0000000792a80000)
  from space 202240K, 99% used [0x00000007a2380000,0x00000007ae8fcf68,0x00000007ae900000)
  to   space 254976K, 0% used [0x0000000792a80000,0x0000000792a80000,0x00000007a2380000)
 ParOldGen       total 520192K, used 464281K [0x00000006c0000000, 0x00000006dfc00000, 0x000000076ab00000)
  object space 520192K, 89% used [0x00000006c0000000,0x00000006dc5666e8,0x00000006dfc00000)
 Metaspace       used 6421K, capacity 7280K, committed 7552K, reserved 1056768K
  class space    used 587K, capacity 616K, committed 640K, reserved 1048576K
}
Event: 28.155 GC heap before
{Heap before GC invocations=18 (full 4):
 PSYoungGen      total 857088K, used 202227K [0x000000076ab00000, 0x00000007b5500000, 0x00000007c0000000)
  eden space 654848K, 0% used [0x000000076ab00000,0x000000076ab00000,0x0000000792a80000)
  from space 202240K, 99% used [0x00000007a2380000,0x00000007ae8fcf68,0x00000007ae900000)
  to   space 254976K, 0% used [0x0000000792a80000,0x0000000792a80000,0x00000007a2380000)
 ParOldGen       total 520192K, used 464281K [0x00000006c0000000, 0x00000006dfc00000, 0x000000076ab00000)
  object space 520192K, 89% used [0x00000006c0000000,0x00000006dc5666e8,0x00000006dfc00000)
 Metaspace       used 6421K, capacity 7280K, committed 7552K, reserved 1056768K
  class space    used 587K, capacity 616K, committed 640K, reserved 1048576K
Event: 32.170 GC heap after
Heap after GC invocations=18 (full 4):
 PSYoungGen      total 857088K, used 130857K [0x000000076ab00000, 0x00000007b5500000, 0x00000007c0000000)
  eden space 654848K, 0% used [0x000000076ab00000,0x000000076ab00000,0x0000000792a80000)
  from space 202240K, 64% used [0x00000007a2380000,0x00000007aa34a700,0x00000007ae900000)
  to   space 254976K, 0% used [0x0000000792a80000,0x0000000792a80000,0x00000007a2380000)
 ParOldGen       total 816640K, used 519931K [0x00000006c0000000, 0x00000006f1d80000, 0x000000076ab00000)
  object space 816640K, 63% used [0x00000006c0000000,0x00000006dfbbed48,0x00000006f1d80000)
 Metaspace       used 6421K, capacity 7280K, committed 7552K, reserved 1056768K
  class space    used 587K, capacity 616K, committed 640K, reserved 1048576K
}
Event: 34.642 GC heap before
{Heap before GC invocations=19 (full 4):
 PSYoungGen      total 857088K, used 785705K [0x000000076ab00000, 0x00000007b5500000, 0x00000007c0000000)
  eden space 654848K, 100% used [0x000000076ab00000,0x0000000792a80000,0x0000000792a80000)
  from space 202240K, 64% used [0x00000007a2380000,0x00000007aa34a700,0x00000007ae900000)
  to   space 254976K, 0% used [0x0000000792a80000,0x0000000792a80000,0x00000007a2380000)
 ParOldGen       total 816640K, used 519931K [0x00000006c0000000, 0x00000006f1d80000, 0x000000076ab00000)
  object space 816640K, 63% used [0x00000006c0000000,0x00000006dfbbed48,0x00000006f1d80000)
 Metaspace       used 6425K, capacity 7280K, committed 7552K, reserved 1056768K
  class space    used 587K, capacity 616K, committed 640K, reserved 1048576K
Event: 35.098 GC heap after
Heap after GC invocations=19 (full 4):
 PSYoungGen      total 909824K, used 96313K [0x000000076ab00000, 0x00000007b5800000, 0x00000007c0000000)
  eden space 654848K, 0% used [0x000000076ab00000,0x000000076ab00000,0x0000000792a80000)
  from space 254976K, 37% used [0x0000000792a80000,0x000000079888e718,0x00000007a2380000)
  to   space 241152K, 0% used [0x00000007a6c80000,0x00000007a6c80000,0x00000007b5800000)
 ParOldGen       total 816640K, used 652678K [0x00000006c0000000, 0x00000006f1d80000, 0x000000076ab00000)
  object space 816640K, 79% used [0x00000006c0000000,0x00000006e7d61ae8,0x00000006f1d80000)
 Metaspace       used 6425K, capacity 7280K, committed 7552K, reserved 1056768K
  class space    used 587K, capacity 616K, committed 640K, reserved 1048576K
}
Event: 37.538 GC heap before
{Heap before GC invocations=20 (full 4):
 PSYoungGen      total 909824K, used 751161K [0x000000076ab00000, 0x00000007b5800000, 0x00000007c0000000)
  eden space 654848K, 100% used [0x000000076ab00000,0x0000000792a80000,0x0000000792a80000)
  from space 254976K, 37% used [0x0000000792a80000,0x000000079888e718,0x00000007a2380000)
  to   space 241152K, 0% used [0x00000007a6c80000,0x00000007a6c80000,0x00000007b5800000)
 ParOldGen       total 816640K, used 652678K [0x00000006c0000000, 0x00000006f1d80000, 0x000000076ab00000)
  object space 816640K, 79% used [0x00000006c0000000,0x00000006e7d61ae8,0x00000006f1d80000)
 Metaspace       used 6428K, capacity 7280K, committed 7552K, reserved 1056768K
  class space    used 587K, capacity 616K, committed 640K, reserved 1048576K
Event: 37.841 GC heap after
Heap after GC invocations=20 (full 4):
 PSYoungGen      total 960000K, used 197222K [0x000000076ab00000, 0x00000007b8b80000, 0x00000007c0000000)
  eden space 718848K, 0% used [0x000000076ab00000,0x000000076ab00000,0x0000000796900000)
  from space 241152K, 81% used [0x00000007a6c80000,0x00000007b2d19ad0,0x00000007b5800000)
  to   space 265728K, 0% used [0x0000000796900000,0x0000000796900000,0x00000007a6c80000)
 ParOldGen       total 816640K, used 652678K [0x00000006c0000000, 0x00000006f1d80000, 0x000000076ab00000)
  object space 816640K, 79% used [0x00000006c0000000,0x00000006e7d61ae8,0x00000006f1d80000)
 Metaspace       used 6428K, capacity 7280K, committed 7552K, reserved 1056768K
  class space    used 587K, capacity 616K, committed 640K, reserved 1048576K
}
Event: 40.165 GC heap before
{Heap before GC invocations=21 (full 4):
 PSYoungGen      total 960000K, used 916070K [0x000000076ab00000, 0x00000007b8b80000, 0x00000007c0000000)
  eden space 718848K, 100% used [0x000000076ab00000,0x0000000796900000,0x0000000796900000)
  from space 241152K, 81% used [0x00000007a6c80000,0x00000007b2d19ad0,0x00000007b5800000)
  to   space 265728K, 0% used [0x0000000796900000,0x0000000796900000,0x00000007a6c80000)
 ParOldGen       total 816640K, used 652678K [0x00000006c0000000, 0x00000006f1d80000, 0x000000076ab00000)
  object space 816640K, 79% used [0x00000006c0000000,0x00000006e7d61ae8,0x00000006f1d80000)
 Metaspace       used 6431K, capacity 7280K, committed 7552K, reserved 1056768K
  class space    used 587K, capacity 616K, committed 640K, reserved 1048576K
Event: 40.600 GC heap after
Heap after GC invocations=21 (full 4):
 PSYoungGen      total 984576K, used 265719K [0x000000076ab00000, 0x00000007c0000000, 0x00000007c0000000)
  eden space 718848K, 0% used [0x000000076ab00000,0x000000076ab00000,0x0000000796900000)
  from space 265728K, 99% used [0x0000000796900000,0x00000007a6c7dd60,0x00000007a6c80000)
  to   space 325632K, 0% used [0x00000007ac200000,0x00000007ac200000,0x00000007c0000000)
 ParOldGen       total 816640K, used 693621K [0x00000006c0000000, 0x00000006f1d80000, 0x000000076ab00000)
  object space 816640K, 84% used [0x00000006c0000000,0x00000006ea55d770,0x00000006f1d80000)
 Metaspace       used 6431K, capacity 7280K, committed 7552K, reserved 1056768K
  class space    used 587K, capacity 616K, committed 640K, reserved 1048576K
}

