# JRE version: OpenJDK Runtime Environment (8.0_112-b06) (build 1.8.0_112-release-b06)
# Java VM: OpenJDK 64-Bit Server VM (25.112-b06 mixed mode windows-amd64 compressed oops)
Heap:
 PSYoungGen      total 914944K, used 700416K [0x000000076ab00000, 0x00000007b0300000, 0x00000007c0000000)
  eden space 700416K, 100% used [0x000000076ab00000,0x0000000795700000,0x0000000795700000)
  from space 214528K, 0% used [0x00000007a3180000,0x00000007a3180000,0x00000007b0300000)
  to   space 219136K, 36% used [0x0000000795700000,0x000000079a569620,0x00000007a2d00000)
 ParOldGen       total 821760K, used 539450K [0x00000006c0000000, 0x00000006f2280000, 0x000000076ab00000)
  object space 821760K, 65% used [0x00000006c0000000,0x00000006e0ece878,0x00000006f2280000)
 Metaspace       used 6434K, capacity 7280K, committed 7552K, reserved 1056768K
  class space    used 588K, capacity 616K, committed 640K, reserved 1048576K
GC Heap History (10 events):
Event: 22.570 GC heap after
Heap after GC invocations=16 (full 3):
 PSYoungGen      total 642048K, used 62044K [0x000000076ab00000, 0x00000007a5c00000, 0x00000007c0000000)
  eden space 503296K, 0% used [0x000000076ab00000,0x000000076ab00000,0x0000000789680000)
  from space 138752K, 44% used [0x0000000789680000,0x000000078d3173b0,0x0000000791e00000)
  to   space 181760K, 0% used [0x000000079aa80000,0x000000079aa80000,0x00000007a5c00000)
 ParOldGen       total 553984K, used 346569K [0x00000006c0000000, 0x00000006e1d00000, 0x000000076ab00000)
  object space 553984K, 62% used [0x00000006c0000000,0x00000006d5272738,0x00000006e1d00000)
 Metaspace       used 6417K, capacity 7280K, committed 7552K, reserved 1056768K
  class space    used 585K, capacity 616K, committed 640K, reserved 1048576K
}
Event: 25.732 GC heap before
{Heap before GC invocations=17 (full 3):
 PSYoungGen      total 642048K, used 565340K [0x000000076ab00000, 0x00000007a5c00000, 0x00000007c0000000)
  eden space 503296K, 100% used [0x000000076ab00000,0x0000000789680000,0x0000000789680000)
  from space 138752K, 44% used [0x0000000789680000,0x000000078d3173b0,0x0000000791e00000)
  to   space 181760K, 0% used [0x000000079aa80000,0x000000079aa80000,0x00000007a5c00000)
 ParOldGen       total 553984K, used 346569K [0x00000006c0000000, 0x00000006e1d00000, 0x000000076ab00000)
  object space 553984K, 62% used [0x00000006c0000000,0x00000006d5272738,0x00000006e1d00000)
 Metaspace       used 6429K, capacity 7280K, committed 7552K, reserved 1056768K
  class space    used 586K, capacity 616K, committed 640K, reserved 1048576K
Event: 26.163 GC heap after
Heap after GC invocations=17 (full 3):
 PSYoungGen      total 771072K, used 134648K [0x000000076ab00000, 0x00000007a6a80000, 0x00000007c0000000)
  eden space 589312K, 0% used [0x000000076ab00000,0x000000076ab00000,0x000000078ea80000)
  from space 181760K, 74% used [0x000000079aa80000,0x00000007a2dfe0f8,0x00000007a5c00000)
  to   space 196608K, 0% used [0x000000078ea80000,0x000000078ea80000,0x000000079aa80000)
 ParOldGen       total 553984K, used 371760K [0x00000006c0000000, 0x00000006e1d00000, 0x000000076ab00000)
  object space 553984K, 67% used [0x00000006c0000000,0x00000006d6b0c150,0x00000006e1d00000)
 Metaspace       used 6429K, capacity 7280K, committed 7552K, reserved 1056768K
  class space    used 586K, capacity 616K, committed 640K, reserved 1048576K
}
Event: 28.676 GC heap before
{Heap before GC invocations=18 (full 3):
 PSYoungGen      total 771072K, used 723960K [0x000000076ab00000, 0x00000007a6a80000, 0x00000007c0000000)
  eden space 589312K, 100% used [0x000000076ab00000,0x000000078ea80000,0x000000078ea80000)
  from space 181760K, 74% used [0x000000079aa80000,0x00000007a2dfe0f8,0x00000007a5c00000)
  to   space 196608K, 0% used [0x000000078ea80000,0x000000078ea80000,0x000000079aa80000)
 ParOldGen       total 553984K, used 371760K [0x00000006c0000000, 0x00000006e1d00000, 0x000000076ab00000)
  object space 553984K, 67% used [0x00000006c0000000,0x00000006d6b0c150,0x00000006e1d00000)
 Metaspace       used 6429K, capacity 7280K, committed 7552K, reserved 1056768K
  class space    used 587K, capacity 616K, committed 640K, reserved 1048576K
Event: 28.974 GC heap after
Heap after GC invocations=18 (full 3):
 PSYoungGen      total 785920K, used 196596K [0x000000076ab00000, 0x00000007b1500000, 0x00000007c0000000)
  eden space 589312K, 0% used [0x000000076ab00000,0x000000076ab00000,0x000000078ea80000)
  from space 196608K, 99% used [0x000000078ea80000,0x000000079aa7d080,0x000000079aa80000)
  to   space 232960K, 0% used [0x00000007a3180000,0x00000007a3180000,0x00000007b1500000)
 ParOldGen       total 553984K, used 377848K [0x00000006c0000000, 0x00000006e1d00000, 0x000000076ab00000)
  object space 553984K, 68% used [0x00000006c0000000,0x00000006d70fe2b8,0x00000006e1d00000)
 Metaspace       used 6429K, capacity 7280K, committed 7552K, reserved 1056768K
  class space    used 587K, capacity 616K, committed 640K, reserved 1048576K
}
Event: 31.104 GC heap before
{Heap before GC invocations=19 (full 3):
 PSYoungGen      total 785920K, used 785908K [0x000000076ab00000, 0x00000007b1500000, 0x00000007c0000000)
  eden space 589312K, 100% used [0x000000076ab00000,0x000000078ea80000,0x000000078ea80000)
  from space 196608K, 99% used [0x000000078ea80000,0x000000079aa7d080,0x000000079aa80000)
  to   space 232960K, 0% used [0x00000007a3180000,0x00000007a3180000,0x00000007b1500000)
 ParOldGen       total 553984K, used 377848K [0x00000006c0000000, 0x00000006e1d00000, 0x000000076ab00000)
  object space 553984K, 68% used [0x00000006c0000000,0x00000006d70fe2b8,0x00000006e1d00000)
 Metaspace       used 6431K, capacity 7280K, committed 7552K, reserved 1056768K
  class space    used 587K, capacity 616K, committed 640K, reserved 1048576K
Event: 31.481 GC heap after
Heap after GC invocations=19 (full 3):
 PSYoungGen      total 914944K, used 77100K [0x000000076ab00000, 0x00000007b0300000, 0x00000007c0000000)
  eden space 700416K, 0% used [0x000000076ab00000,0x000000076ab00000,0x0000000795700000)
  from space 214528K, 35% used [0x00000007a3180000,0x00000007a7ccb258,0x00000007b0300000)
  to   space 219136K, 0% used [0x0000000795700000,0x0000000795700000,0x00000007a2d00000)
 ParOldGen       total 553984K, used 469786K [0x00000006c0000000, 0x00000006e1d00000, 0x000000076ab00000)
  object space 553984K, 84% used [0x00000006c0000000,0x00000006dcac6830,0x00000006e1d00000)
 Metaspace       used 6431K, capacity 7280K, committed 7552K, reserved 1056768K
  class space    used 587K, capacity 616K, committed 640K, reserved 1048576K
}
Event: 31.481 GC heap before
{Heap before GC invocations=20 (full 4):
 PSYoungGen      total 914944K, used 77100K [0x000000076ab00000, 0x00000007b0300000, 0x00000007c0000000)
  eden space 700416K, 0% used [0x000000076ab00000,0x000000076ab00000,0x0000000795700000)
  from space 214528K, 35% used [0x00000007a3180000,0x00000007a7ccb258,0x00000007b0300000)
  to   space 219136K, 0% used [0x0000000795700000,0x0000000795700000,0x00000007a2d00000)
 ParOldGen       total 553984K, used 469786K [0x00000006c0000000, 0x00000006e1d00000, 0x000000076ab00000)
  object space 553984K, 84% used [0x00000006c0000000,0x00000006dcac6830,0x00000006e1d00000)
 Metaspace       used 6431K, capacity 7280K, committed 7552K, reserved 1056768K
  class space    used 587K, capacity 616K, committed 640K, reserved 1048576K
Event: 34.746 GC heap after
Heap after GC invocations=20 (full 4):
 PSYoungGen      total 914944K, used 0K [0x000000076ab00000, 0x00000007b0300000, 0x00000007c0000000)
  eden space 700416K, 0% used [0x000000076ab00000,0x000000076ab00000,0x0000000795700000)
  from space 214528K, 0% used [0x00000007a3180000,0x00000007a3180000,0x00000007b0300000)
  to   space 219136K, 0% used [0x0000000795700000,0x0000000795700000,0x00000007a2d00000)
 ParOldGen       total 821760K, used 539450K [0x00000006c0000000, 0x00000006f2280000, 0x000000076ab00000)
  object space 821760K, 65% used [0x00000006c0000000,0x00000006e0ece878,0x00000006f2280000)
 Metaspace       used 6431K, capacity 7280K, committed 7552K, reserved 1056768K
  class space    used 587K, capacity 616K, committed 640K, reserved 1048576K
}
Event: 36.834 GC heap before
{Heap before GC invocations=21 (full 4):
 PSYoungGen      total 914944K, used 700416K [0x000000076ab00000, 0x00000007b0300000, 0x00000007c0000000)
  eden space 700416K, 100% used [0x000000076ab00000,0x0000000795700000,0x0000000795700000)
  from space 214528K, 0% used [0x00000007a3180000,0x00000007a3180000,0x00000007b0300000)
  to   space 219136K, 0% used [0x0000000795700000,0x0000000795700000,0x00000007a2d00000)
 ParOldGen       total 821760K, used 539450K [0x00000006c0000000, 0x00000006f2280000, 0x000000076ab00000)
  object space 821760K, 65% used [0x00000006c0000000,0x00000006e0ece878,0x00000006f2280000)
 Metaspace       used 6434K, capacity 7280K, committed 7552K, reserved 1056768K
  class space    used 588K, capacity 616K, committed 640K, reserved 1048576K

