# JRE version: OpenJDK Runtime Environment (8.0_112-b06) (build 1.8.0_112-release-b06)
# Java VM: OpenJDK 64-Bit Server VM (25.112-b06 mixed mode windows-amd64 compressed oops)
Heap:
 PSYoungGen      total 473088K, used 16879K [0x000000076ab00000, 0x0000000795680000, 0x00000007c0000000)
  eden space 456192K, 0% used [0x000000076ab00000,0x000000076ab00000,0x0000000786880000)
  from space 16896K, 99% used [0x000000078cb00000,0x000000078db7bdf8,0x000000078db80000)
  to   space 100864K, 0% used [0x0000000786880000,0x0000000786880000,0x000000078cb00000)
 ParOldGen       total 197632K, used 197259K [0x00000006c0000000, 0x00000006cc100000, 0x000000076ab00000)
  object space 197632K, 99% used [0x00000006c0000000,0x00000006cc0a2d98,0x00000006cc100000)
 Metaspace       used 6401K, capacity 7280K, committed 7552K, reserved 1056768K
  class space    used 586K, capacity 616K, committed 640K, reserved 1048576K
GC Heap History (10 events):
Event: 4.401 GC heap after
Heap after GC invocations=7 (full 0):
 PSYoungGen      total 288768K, used 27640K [0x000000076ab00000, 0x0000000790d00000, 0x00000007c0000000)
  eden space 261120K, 0% used [0x000000076ab00000,0x000000076ab00000,0x000000077aa00000)
  from space 27648K, 99% used [0x000000077aa00000,0x000000077c4fe070,0x000000077c500000)
  to   space 51200K, 0% used [0x000000078db00000,0x000000078db00000,0x0000000790d00000)
 ParOldGen       total 87552K, used 60676K [0x00000006c0000000, 0x00000006c5580000, 0x000000076ab00000)
  object space 87552K, 69% used [0x00000006c0000000,0x00000006c3b411e0,0x00000006c5580000)
 Metaspace       used 6361K, capacity 7280K, committed 7552K, reserved 1056768K
  class space    used 584K, capacity 616K, committed 640K, reserved 1048576K
}
Event: 4.401 GC heap before
{Heap before GC invocations=8 (full 1):
 PSYoungGen      total 288768K, used 27640K [0x000000076ab00000, 0x0000000790d00000, 0x00000007c0000000)
  eden space 261120K, 0% used [0x000000076ab00000,0x000000076ab00000,0x000000077aa00000)
  from space 27648K, 99% used [0x000000077aa00000,0x000000077c4fe070,0x000000077c500000)
  to   space 51200K, 0% used [0x000000078db00000,0x000000078db00000,0x0000000790d00000)
 ParOldGen       total 87552K, used 60676K [0x00000006c0000000, 0x00000006c5580000, 0x000000076ab00000)
  object space 87552K, 69% used [0x00000006c0000000,0x00000006c3b411e0,0x00000006c5580000)
 Metaspace       used 6361K, capacity 7280K, committed 7552K, reserved 1056768K
  class space    used 584K, capacity 616K, committed 640K, reserved 1048576K
Event: 5.125 GC heap after
Heap after GC invocations=8 (full 1):
 PSYoungGen      total 288768K, used 0K [0x000000076ab00000, 0x0000000790d00000, 0x00000007c0000000)
  eden space 261120K, 0% used [0x000000076ab00000,0x000000076ab00000,0x000000077aa00000)
  from space 27648K, 0% used [0x000000077aa00000,0x000000077aa00000,0x000000077c500000)
  to   space 51200K, 0% used [0x000000078db00000,0x000000078db00000,0x0000000790d00000)
 ParOldGen       total 171520K, used 85433K [0x00000006c0000000, 0x00000006ca780000, 0x000000076ab00000)
  object space 171520K, 49% used [0x00000006c0000000,0x00000006c536e620,0x00000006ca780000)
 Metaspace       used 6361K, capacity 7280K, committed 7552K, reserved 1056768K
  class space    used 584K, capacity 616K, committed 640K, reserved 1048576K
}
Event: 6.112 GC heap before
{Heap before GC invocations=9 (full 1):
 PSYoungGen      total 288768K, used 261120K [0x000000076ab00000, 0x0000000790d00000, 0x00000007c0000000)
  eden space 261120K, 100% used [0x000000076ab00000,0x000000077aa00000,0x000000077aa00000)
  from space 27648K, 0% used [0x000000077aa00000,0x000000077aa00000,0x000000077c500000)
  to   space 51200K, 0% used [0x000000078db00000,0x000000078db00000,0x0000000790d00000)
 ParOldGen       total 171520K, used 85433K [0x00000006c0000000, 0x00000006ca780000, 0x000000076ab00000)
  object space 171520K, 49% used [0x00000006c0000000,0x00000006c536e620,0x00000006ca780000)
 Metaspace       used 6372K, capacity 7280K, committed 7552K, reserved 1056768K
  class space    used 585K, capacity 616K, committed 640K, reserved 1048576K
Event: 6.179 GC heap after
Heap after GC invocations=9 (full 1):
 PSYoungGen      total 378368K, used 39708K [0x000000076ab00000, 0x0000000790200000, 0x00000007c0000000)
  eden space 338432K, 0% used [0x000000076ab00000,0x000000076ab00000,0x000000077f580000)
  from space 39936K, 99% used [0x000000078db00000,0x00000007901c7268,0x0000000790200000)
  to   space 56320K, 0% used [0x0000000789400000,0x0000000789400000,0x000000078cb00000)
 ParOldGen       total 171520K, used 85433K [0x00000006c0000000, 0x00000006ca780000, 0x000000076ab00000)
  object space 171520K, 49% used [0x00000006c0000000,0x00000006c536e620,0x00000006ca780000)
 Metaspace       used 6372K, capacity 7280K, committed 7552K, reserved 1056768K
  class space    used 585K, capacity 616K, committed 640K, reserved 1048576K
}
Event: 7.162 GC heap before
{Heap before GC invocations=10 (full 1):
 PSYoungGen      total 378368K, used 378140K [0x000000076ab00000, 0x0000000790200000, 0x00000007c0000000)
  eden space 338432K, 100% used [0x000000076ab00000,0x000000077f580000,0x000000077f580000)
  from space 39936K, 99% used [0x000000078db00000,0x00000007901c7268,0x0000000790200000)
  to   space 56320K, 0% used [0x0000000789400000,0x0000000789400000,0x000000078cb00000)
 ParOldGen       total 171520K, used 85433K [0x00000006c0000000, 0x00000006ca780000, 0x000000076ab00000)
  object space 171520K, 49% used [0x00000006c0000000,0x00000006c536e620,0x00000006ca780000)
 Metaspace       used 6390K, capacity 7280K, committed 7552K, reserved 1056768K
  class space    used 585K, capacity 616K, committed 640K, reserved 1048576K
Event: 7.299 GC heap after
Heap after GC invocations=10 (full 1):
 PSYoungGen      total 464896K, used 56313K [0x000000076ab00000, 0x000000078db80000, 0x00000007c0000000)
  eden space 408576K, 0% used [0x000000076ab00000,0x000000076ab00000,0x0000000783a00000)
  from space 56320K, 99% used [0x0000000789400000,0x000000078cafe6d0,0x000000078cb00000)
  to   space 16896K, 0% used [0x000000078cb00000,0x000000078cb00000,0x000000078db80000)
 ParOldGen       total 171520K, used 96200K [0x00000006c0000000, 0x00000006ca780000, 0x000000076ab00000)
  object space 171520K, 56% used [0x00000006c0000000,0x00000006c5df2168,0x00000006ca780000)
 Metaspace       used 6390K, capacity 7280K, committed 7552K, reserved 1056768K
  class space    used 585K, capacity 616K, committed 640K, reserved 1048576K
}
Event: 8.923 GC heap before
{Heap before GC invocations=11 (full 1):
 PSYoungGen      total 464896K, used 464889K [0x000000076ab00000, 0x000000078db80000, 0x00000007c0000000)
  eden space 408576K, 100% used [0x000000076ab00000,0x0000000783a00000,0x0000000783a00000)
  from space 56320K, 99% used [0x0000000789400000,0x000000078cafe6d0,0x000000078cb00000)
  to   space 16896K, 0% used [0x000000078cb00000,0x000000078cb00000,0x000000078db80000)
 ParOldGen       total 171520K, used 96200K [0x00000006c0000000, 0x00000006ca780000, 0x000000076ab00000)
  object space 171520K, 56% used [0x00000006c0000000,0x00000006c5df2168,0x00000006ca780000)
 Metaspace       used 6401K, capacity 7280K, committed 7552K, reserved 1056768K
  class space    used 586K, capacity 616K, committed 640K, reserved 1048576K
Event: 9.107 GC heap after
Heap after GC invocations=11 (full 1):
 PSYoungGen      total 473088K, used 16879K [0x000000076ab00000, 0x0000000795680000, 0x00000007c0000000)
  eden space 456192K, 0% used [0x000000076ab00000,0x000000076ab00000,0x0000000786880000)
  from space 16896K, 99% used [0x000000078cb00000,0x000000078db7bdf8,0x000000078db80000)
  to   space 100864K, 0% used [0x0000000786880000,0x0000000786880000,0x000000078cb00000)
 ParOldGen       total 197632K, used 197259K [0x00000006c0000000, 0x00000006cc100000, 0x000000076ab00000)
  object space 197632K, 99% used [0x00000006c0000000,0x00000006cc0a2d98,0x00000006cc100000)
 Metaspace       used 6401K, capacity 7280K, committed 7552K, reserved 1056768K
  class space    used 586K, capacity 616K, committed 640K, reserved 1048576K
}
Event: 9.107 GC heap before
{Heap before GC invocations=12 (full 2):
 PSYoungGen      total 473088K, used 16879K [0x000000076ab00000, 0x0000000795680000, 0x00000007c0000000)
  eden space 456192K, 0% used [0x000000076ab00000,0x000000076ab00000,0x0000000786880000)
  from space 16896K, 99% used [0x000000078cb00000,0x000000078db7bdf8,0x000000078db80000)
  to   space 100864K, 0% used [0x0000000786880000,0x0000000786880000,0x000000078cb00000)
 ParOldGen       total 197632K, used 197259K [0x00000006c0000000, 0x00000006cc100000, 0x000000076ab00000)
  object space 197632K, 99% used [0x00000006c0000000,0x00000006cc0a2d98,0x00000006cc100000)
 Metaspace       used 6401K, capacity 7280K, committed 7552K, reserved 1056768K
  class space    used 586K, capacity 616K, committed 640K, reserved 1048576K

